#
# There is insufficient memory for the Java Runtime Environment to continue.
# Native memory allocation (mmap) failed to map 266338304 bytes for G1 virtual space
# Possible reasons:
#   The system is out of physical RAM or swap space
#   The process is running with CompressedOops enabled, and the Java Heap may be blocking the growth of the native heap
# Possible solutions:
#   Reduce memory load on the system
#   Increase physical memory or swap space
#   Check if swap backing store is full
#   Decrease Java heap size (-Xmx/-Xms)
#   Decrease number of Java threads
#   Decrease Java thread stack sizes (-Xss)
#   Set larger code cache with -XX:ReservedCodeCacheSize=
#   JVM is running with Zero Based Compressed Oops mode in which the Java heap is
#     placed in the first 32GB address space. The Java Heap base address is the
#     maximum limit for the native heap growth. Please use -XX:HeapBaseMinAddress
#     to set the Java Heap base and to place the Java Heap above 32GB virtual address.
# This output file may be truncated or incomplete.
#
#  Out of Memory Error (os_windows.cpp:3548), pid=18316, tid=9888
#
# JRE version:  (17.0.10+11) (build )
# Java VM: Java HotSpot(TM) 64-Bit Server VM (17.0.10+11-LTS-240, mixed mode, emulated-client, sharing, tiered, compressed oops, compressed class ptrs, g1 gc, windows-amd64)
# No core dump will be written. Minidumps are not enabled by default on client versions of Windows
#

---------------  S U M M A R Y ------------

Command Line: -XX:+ShowCodeDetailsInExceptionMessages -agentlib:jdwp=transport=dt_socket,suspend=y,address=localhost:60269 -Dcom.sun.management.jmxremote -Dcom.sun.management.jmxremote.port=60268 -Dcom.sun.management.jmxremote.authenticate=false -Dcom.sun.management.jmxremote.ssl=false -Djava.rmi.server.hostname=localhost -Dspring.jmx.enabled=true -Dmanagement.endpoints.jmx.exposure.include=* -Dspring.application.admin.enabled=true -XX:TieredStopAtLevel=1 -Dspring.boot.project.name=Tarefas -javaagent:C:\Program Files\sts-4.23.1\configuration\org.eclipse.osgi\270\0\.cp\lib\javaagent-shaded.jar -Dfile.encoding=UTF-8 -Dstdout.encoding=UTF-8 -Dstderr.encoding=UTF-8 com.tarefas.TarefasApplication --spring.output.ansi.enabled=always

Host: 11th Gen Intel(R) Core(TM) i5-11400H @ 2.70GHz, 12 cores, 15G,  Windows 11 , 64 bit Build 26100 (10.0.26100.4202)
Time: Mon Jun  9 23:35:55 2025 Hora oficial do Brasil elapsed time: 1.124420 seconds (0d 0h 0m 1s)

---------------  T H R E A D  ---------------

Current thread (0x0000020353672c90):  JavaThread "Unknown thread" [_thread_in_vm, id=9888, stack(0x000000bfbec00000,0x000000bfbed00000)]

Stack: [0x000000bfbec00000,0x000000bfbed00000]
Native frames: (J=compiled Java code, j=interpreted, Vv=VM code, C=native code)
V  [jvm.dll+0x677a5a]
V  [jvm.dll+0x7d8b2d]
V  [jvm.dll+0x7da48e]
V  [jvm.dll+0x7daaf3]
V  [jvm.dll+0x2455ff]
V  [jvm.dll+0x6749b9]
V  [jvm.dll+0x669382]
V  [jvm.dll+0x302e96]
V  [jvm.dll+0x30a416]
V  [jvm.dll+0x359cbe]
V  [jvm.dll+0x359eef]
V  [jvm.dll+0x2d9e88]
V  [jvm.dll+0x2dadf4]
V  [jvm.dll+0x7aa551]
V  [jvm.dll+0x367911]
V  [jvm.dll+0x789639]
V  [jvm.dll+0x3eb30f]
V  [jvm.dll+0x3ecd91]
C  [jli.dll+0x5297]
C  [ucrtbase.dll+0x37b0]
C  [KERNEL32.DLL+0x2e8d7]
C  [ntdll.dll+0x3c34c]


---------------  P R O C E S S  ---------------

Threads class SMR info:
_java_thread_list=0x00007ffc46146a18, length=0, elements={
}

Java Threads: ( => current thread )

Other Threads:
  0x00000203536dc9e0 GCTaskThread "GC Thread#0" [stack: 0x000000bfbed00000,0x000000bfbee00000] [id=18556]
  0x000002035372d730 ConcurrentGCThread "G1 Main Marker" [stack: 0x000000bfbee00000,0x000000bfbef00000] [id=11528]
  0x0000020367870080 ConcurrentGCThread "G1 Conc#0" [stack: 0x000000bfbef00000,0x000000bfbf000000] [id=9700]

[error occurred during error reporting (printing all threads), id 0xc0000005, EXCEPTION_ACCESS_VIOLATION (0xc0000005) at pc=0x00007ffc4597aae7]

VM state: not at safepoint (not fully initialized)

VM Mutex/Monitor currently owned by a thread:  ([mutex/lock_event])
[0x000002035366dde0] Heap_lock - owner thread: 0x0000020353672c90

Heap address: 0x0000000703600000, size: 4042 MB, Compressed Oops mode: Zero based, Oop shift amount: 3

CDS archive(s) mapped at: [0x0000000000000000-0x0000000000000000-0x0000000000000000), size 0, SharedBaseAddress: 0x0000000800000000, ArchiveRelocationMode: 1.
Narrow klass base: 0x0000000000000000, Narrow klass shift: 0, Narrow klass range: 0x0

GC Precious Log:
<Empty>

Heap:
 garbage-first heap   total 0K, used 0K [0x0000000703600000, 0x0000000800000000)
  region size 2048K, 0 young (0K), 0 survivors (0K)

[error occurred during error reporting (printing heap information), id 0xc0000005, EXCEPTION_ACCESS_VIOLATION (0xc0000005) at pc=0x00007ffc45d61249]

GC Heap History (0 events):
No events

Deoptimization events (0 events):
No events

Classes unloaded (0 events):
No events

Classes redefined (0 events):
No events

Internal exceptions (0 events):
No events

VM Operations (0 events):
No events

Events (1 events):
Event: 0.010 Loaded shared library C:\Program Files\Java\jdk-17\bin\java.dll


Dynamic libraries:
0x00007ff76b520000 - 0x00007ff76b530000 	C:\Program Files\Java\jdk-17\bin\javaw.exe
0x00007ffd13aa0000 - 0x00007ffd13d05000 	C:\WINDOWS\SYSTEM32\ntdll.dll
0x00007ffd12bd0000 - 0x00007ffd12c99000 	C:\WINDOWS\System32\KERNEL32.DLL
0x00007ffd110f0000 - 0x00007ffd114d8000 	C:\WINDOWS\System32\KERNELBASE.dll
0x00007ffd10c20000 - 0x00007ffd10d6b000 	C:\WINDOWS\System32\ucrtbase.dll
0x00007ffd04ab0000 - 0x00007ffd04ac9000 	C:\Program Files\Java\jdk-17\bin\jli.dll
0x00007ffd04af0000 - 0x00007ffd04b0b000 	C:\Program Files\Java\jdk-17\bin\VCRUNTIME140.dll
0x00007ffd139a0000 - 0x00007ffd13a53000 	C:\WINDOWS\System32\ADVAPI32.dll
0x00007ffd124f0000 - 0x00007ffd12599000 	C:\WINDOWS\System32\msvcrt.dll
0x00007ffd125a0000 - 0x00007ffd12646000 	C:\WINDOWS\System32\sechost.dll
0x00007ffd12e80000 - 0x00007ffd12f95000 	C:\WINDOWS\System32\RPCRT4.dll
0x00007ffd12190000 - 0x00007ffd1235a000 	C:\WINDOWS\System32\USER32.dll
0x00007ffcf7260000 - 0x00007ffcf74fa000 	C:\WINDOWS\WinSxS\amd64_microsoft.windows.common-controls_6595b64144ccf1df_6.0.26100.4202_none_3e0698d4e335f517\COMCTL32.dll
0x00007ffd10bf0000 - 0x00007ffd10c17000 	C:\WINDOWS\System32\win32u.dll
0x00007ffd131b0000 - 0x00007ffd131db000 	C:\WINDOWS\System32\GDI32.dll
0x00007ffd10e30000 - 0x00007ffd10f67000 	C:\WINDOWS\System32\gdi32full.dll
0x00007ffd11790000 - 0x00007ffd11833000 	C:\WINDOWS\System32\msvcp_win.dll
0x00007ffd05ff0000 - 0x00007ffd05ffb000 	C:\WINDOWS\SYSTEM32\VERSION.dll
0x00007ffd12150000 - 0x00007ffd12180000 	C:\WINDOWS\System32\IMM32.DLL
0x00007ffcf68a0000 - 0x00007ffcf68ac000 	C:\Program Files\Java\jdk-17\bin\vcruntime140_1.dll
0x00007ffcb73e0000 - 0x00007ffcb746e000 	C:\Program Files\Java\jdk-17\bin\msvcp140.dll
0x00007ffc45690000 - 0x00007ffc4626f000 	C:\Program Files\Java\jdk-17\bin\server\jvm.dll
0x00007ffd12bc0000 - 0x00007ffd12bc8000 	C:\WINDOWS\System32\PSAPI.DLL
0x00007ffd01cf0000 - 0x00007ffd01d25000 	C:\WINDOWS\SYSTEM32\WINMM.dll
0x00007ffcf5660000 - 0x00007ffcf566a000 	C:\WINDOWS\SYSTEM32\WSOCK32.dll
0x00007ffd123e0000 - 0x00007ffd12454000 	C:\WINDOWS\System32\WS2_32.dll
0x00007ffd0fad0000 - 0x00007ffd0faeb000 	C:\WINDOWS\SYSTEM32\kernel.appcore.dll
0x00007ffcf47e0000 - 0x00007ffcf47ea000 	C:\Program Files\Java\jdk-17\bin\jimage.dll
0x00007ffd0e310000 - 0x00007ffd0e551000 	C:\WINDOWS\SYSTEM32\DBGHELP.DLL
0x00007ffd133c0000 - 0x00007ffd13745000 	C:\WINDOWS\System32\combase.dll
0x00007ffd130c0000 - 0x00007ffd131a1000 	C:\WINDOWS\System32\OLEAUT32.dll
0x00007ffce9cb0000 - 0x00007ffce9ce9000 	C:\WINDOWS\SYSTEM32\dbgcore.DLL
0x00007ffd11660000 - 0x00007ffd116f9000 	C:\WINDOWS\System32\bcryptPrimitives.dll
0x00007ffcf2c80000 - 0x00007ffcf2cbb000 	C:\Program Files\Java\jdk-17\bin\jdwp.dll
0x00007ffcf47d0000 - 0x00007ffcf47de000 	C:\Program Files\Java\jdk-17\bin\instrument.dll
0x00007ffceb010000 - 0x00007ffceb035000 	C:\Program Files\Java\jdk-17\bin\java.dll

dbghelp: loaded successfully - version: 4.0.5 - missing functions: none
symbol engine: initialized successfully - sym options: 0x614 - pdb path: .;C:\Program Files\Java\jdk-17\bin;C:\WINDOWS\SYSTEM32;C:\WINDOWS\WinSxS\amd64_microsoft.windows.common-controls_6595b64144ccf1df_6.0.26100.4202_none_3e0698d4e335f517;C:\Program Files\Java\jdk-17\bin\server

VM Arguments:
jvm_args: -XX:+ShowCodeDetailsInExceptionMessages -agentlib:jdwp=transport=dt_socket,suspend=y,address=localhost:60269 -Dcom.sun.management.jmxremote -Dcom.sun.management.jmxremote.port=60268 -Dcom.sun.management.jmxremote.authenticate=false -Dcom.sun.management.jmxremote.ssl=false -Djava.rmi.server.hostname=localhost -Dspring.jmx.enabled=true -Dmanagement.endpoints.jmx.exposure.include=* -Dspring.application.admin.enabled=true -XX:TieredStopAtLevel=1 -Dspring.boot.project.name=Tarefas -javaagent:C:\Program Files\sts-4.23.1\configuration\org.eclipse.osgi\270\0\.cp\lib\javaagent-shaded.jar -Dfile.encoding=UTF-8 -Dstdout.encoding=UTF-8 -Dstderr.encoding=UTF-8 
java_command: com.tarefas.TarefasApplication --spring.output.ansi.enabled=always
java_class_path (initial): C:\Users\crfte\OneDrive\Documentos\WorkSpace\Back-End\Tarefas\target\classes;C:\Users\crfte\.m2\repository\org\springframework\boot\spring-boot-starter-data-jpa\3.4.4\spring-boot-starter-data-jpa-3.4.4.jar;C:\Users\crfte\.m2\repository\org\springframework\boot\spring-boot-starter\3.4.4\spring-boot-starter-3.4.4.jar;C:\Users\crfte\.m2\repository\org\springframework\boot\spring-boot-starter-logging\3.4.4\spring-boot-starter-logging-3.4.4.jar;C:\Users\crfte\.m2\repository\ch\qos\logback\logback-classic\1.5.18\logback-classic-1.5.18.jar;C:\Users\crfte\.m2\repository\ch\qos\logback\logback-core\1.5.18\logback-core-1.5.18.jar;C:\Users\crfte\.m2\repository\org\apache\logging\log4j\log4j-to-slf4j\2.24.3\log4j-to-slf4j-2.24.3.jar;C:\Users\crfte\.m2\repository\org\apache\logging\log4j\log4j-api\2.24.3\log4j-api-2.24.3.jar;C:\Users\crfte\.m2\repository\org\slf4j\jul-to-slf4j\2.0.17\jul-to-slf4j-2.0.17.jar;C:\Users\crfte\.m2\repository\org\yaml\snakeyaml\2.3\snakeyaml-2.3.jar;C:\Users\crfte\.m2\repository\org\springframework\boot\spring-boot-starter-jdbc\3.4.4\spring-boot-starter-jdbc-3.4.4.jar;C:\Users\crfte\.m2\repository\com\zaxxer\HikariCP\5.1.0\HikariCP-5.1.0.jar;C:\Users\crfte\.m2\repository\org\springframework\spring-jdbc\6.2.5\spring-jdbc-6.2.5.jar;C:\Users\crfte\.m2\repository\org\hibernate\orm\hibernate-core\6.6.11.Final\hibernate-core-6.6.11.Final.jar;C:\Users\crfte\.m2\repository\jakarta\persistence\jakarta.persistence-api\3.1.0\jakarta.persistence-api-3.1.0.jar;C:\Users\crfte\.m2\repository\jakarta\transaction\jakarta.transaction-api\2.0.1\jakarta.transaction-api-2.0.1.jar;C:\Users\crfte\.m2\repository\org\jboss\logging\jboss-logging\3.6.1.Final\jboss-logging-3.6.1.Final.jar;C:\Users\crfte\.m2\repository\org\hibernate\common\hibernate-commons-annotations\7.0.3.Final\hibernate-commons-annotations-7.0.3.Final.jar;C:\Users\crfte\.m2\repository\io\smallrye\jandex\3.2.0\jandex-3.2.0.jar;C:\Users\crfte\.m2\repository\com\fasterxml\classmate\1
Launcher Type: SUN_STANDARD

[Global flags]
     intx CICompilerCount                          = 4                                         {product} {ergonomic}
     uint ConcGCThreads                            = 3                                         {product} {ergonomic}
     uint G1ConcRefinementThreads                  = 10                                        {product} {ergonomic}
   size_t G1HeapRegionSize                         = 2097152                                   {product} {ergonomic}
    uintx GCDrainStackTargetSize                   = 64                                        {product} {ergonomic}
   size_t InitialHeapSize                          = 266338304                                 {product} {ergonomic}
     bool ManagementServer                         = true                                      {product} {command line}
   size_t MarkStackSize                            = 4194304                                   {product} {ergonomic}
   size_t MaxHeapSize                              = 4238344192                                {product} {ergonomic}
   size_t MinHeapDeltaBytes                        = 2097152                                   {product} {ergonomic}
   size_t MinHeapSize                              = 8388608                                   {product} {ergonomic}
    uintx NonProfiledCodeHeapSize                  = 0                                      {pd product} {ergonomic}
     bool ProfileInterpreter                       = false                                  {pd product} {command line}
    uintx ProfiledCodeHeapSize                     = 0                                      {pd product} {ergonomic}
     bool ShowCodeDetailsInExceptionMessages       = true                                   {manageable} {command line}
   size_t SoftMaxHeapSize                          = 4238344192                             {manageable} {ergonomic}
     intx TieredStopAtLevel                        = 1                                         {product} {command line}
     bool UseCompressedClassPointers               = true                           {product lp64_product} {ergonomic}
     bool UseCompressedOops                        = true                           {product lp64_product} {ergonomic}
     bool UseG1GC                                  = true                                      {product} {ergonomic}
     bool UseLargePagesIndividualAllocation        = false                                  {pd product} {ergonomic}

Logging:
Log output configuration:
 #0: stdout all=warning uptime,level,tags
 #1: stderr all=off uptime,level,tags

Environment Variables:
JAVA_HOME=C:\Program Files\Java\jdk-17
PATH=C:/Program Files/sts-4.23.1//plugins/org.eclipse.justj.openjdk.hotspot.jre.full.win32.x86_64_21.0.3.v20240426-1530/jre/bin/server;C:/Program Files/sts-4.23.1//plugins/org.eclipse.justj.openjdk.hotspot.jre.full.win32.x86_64_21.0.3.v20240426-1530/jre/bin;C:\Program Files\Common Files\Oracle\Java\javapath;C:\WINDOWS\system32;C:\WINDOWS;C:\WINDOWS\System32\Wbem;C:\WINDOWS\System32\WindowsPowerShell\v1.0\;C:\WINDOWS\System32\OpenSSH\;C:\Users\crfte\AppData\Roaming\nvm;C:\Program Files\nodejs;C:\Program Files (x86)\NVIDIA Corporation\PhysX\Common;C:\Program Files\Git\cmd;C:\Program Files\dotnet\;C:\Program Files\Docker\Docker\resources\bin;C:\Maven\apache-maven-3.9.9\bin;C:\Program Files\Java\jdk-17\bin;C:\Program Files\NVIDIA Corporation\NVIDIA app\NvDLISR;C:\Program Files\PowerShell\7-preview\preview;C:\Program Files (x86)\GnuPG\bin;C:\Program Files\PowerShell\7\;C:\Users\crfte\AppData\Local\Programs\Python\Python312\Scripts\;C:\Users\crfte\AppData\Local\Programs\Python\Python312\;C:\Users\crfte\AppData\Local\Microsoft\WindowsApps;C:\Users\crfte\AppData\Local\Programs\Microsoft VS Code\bin;C:\Users\crfte\AppData\Roaming\nvm;C:\Program Files\nodejs;C:\Users\crfte\.dotnet\tools;;C:\Users\crfte\.fly\bin;C:\Program Files\sts-4.23.1;
USERNAME=crfte
OS=Windows_NT
PROCESSOR_IDENTIFIER=Intel64 Family 6 Model 141 Stepping 1, GenuineIntel



---------------  S Y S T E M  ---------------

OS:
 Windows 11 , 64 bit Build 26100 (10.0.26100.4202)
OS uptime: 0 days 0:59 hours
Hyper-V role detected

CPU: total 12 (initial active 12) (6 cores per cpu, 2 threads per core) family 6 model 141 stepping 1 microcode 0x3c, cx8, cmov, fxsr, ht, mmx, 3dnowpref, sse, sse2, sse3, ssse3, sse4.1, sse4.2, popcnt, lzcnt, tsc, tscinvbit, avx, avx2, aes, erms, clmul, bmi1, bmi2, adx, avx512f, avx512dq, avx512cd, avx512bw, avx512vl, sha, fma, vzeroupper, avx512_vpopcntdq, avx512_vpclmulqdq, avx512_vaes, avx512_vnni, clflush, clflushopt, clwb, avx512_vbmi2, avx512_vbmi, hv

Memory: 4k page, system-wide physical 16163M (5030M free)
TotalPageFile size 16163M (AvailPageFile size 34M)
current process WorkingSet (physical memory assigned to process): 12M, peak: 12M
current process commit charge ("private bytes"): 60M, peak: 313M

vm_info: Java HotSpot(TM) 64-Bit Server VM (17.0.10+11-LTS-240) for windows-amd64 JRE (17.0.10+11-LTS-240), built on Dec 19 2023 21:47:25 by "mach5one" with MS VC++ 17.1 (VS2022)

END.
